<?xml version="1.0" encoding="UTF-8"?>
<!-- Generated by org.testng.reporters.JUnitReportReporter -->
<testsuite hostname="NX00483" failures="0" tests="1" name="Testcases_Package.TestLoginClass" time="15.450" errors="0" timestamp="2022-06-08T17:06:01 PKT" skipped="0">
  <testcase classname="Testcases_Package.TestLoginClass" name="ExecuteTestCase" time="15.450"/>
  <system-out/>
</testsuite> <!-- Testcases_Package.TestLoginClass -->
