<?xml version="1.0" encoding="UTF-8"?>
<!-- Generated by org.testng.reporters.JUnitReportReporter -->
<testsuite hostname="NX00483" failures="0" tests="1" name="Testcases_Package.Testcases_ProductReviews" time="42.613" errors="0" timestamp="2023-01-04T12:17:32 PKT" skipped="0">
  <testcase classname="Testcases_Package.Testcases_ProductReviews" name="DeskReview" time="42.613"/>
  <system-out/>
</testsuite> <!-- Testcases_Package.Testcases_ProductReviews -->
