<?xml version="1.0" encoding="UTF-8"?>
<!-- Generated by org.testng.reporters.JUnitReportReporter -->
<testsuite hostname="NX00483" failures="0" tests="4" name="Pages_Package.AppSetup" time="7.584" errors="0" timestamp="2022-06-06T15:51:04 PKT" skipped="0">
  <testcase classname="Pages_Package.AppSetup" name="startApp" time="7.269"/>
  <system-out/>
  <testcase classname="Pages_Package.AppSetup" name="Checkout" time="0.001"/>
  <system-out/>
  <testcase classname="Pages_Package.AppSetup" name="Logins" time="0.313"/>
  <system-out/>
  <testcase classname="Pages_Package.AppSetup" name="Logout" time="0.001"/>
  <system-out/>
</testsuite> <!-- Pages_Package.AppSetup -->
