<?xml version="1.0" encoding="UTF-8"?>
<!-- Generated by org.testng.reporters.JUnitReportReporter -->
<testsuite hostname="NX00483" failures="0" tests="1" name="Testcases_Package.LoginPage_Testcases" time="24.167" errors="0" timestamp="2022-07-22T15:42:25 PKT" skipped="0">
  <testcase classname="Testcases_Package.LoginPage_Testcases" name="Testcase_verifyLogin_EnterbothCorrect" time="24.167"/>
  <system-out/>
</testsuite> <!-- Testcases_Package.LoginPage_Testcases -->
