<?xml version="1.0" encoding="UTF-8"?>
<!-- Generated by org.testng.reporters.JUnitReportReporter -->
<testsuite hostname="NX00483" failures="0" tests="1" name="Testcases_Package.TestCases_OrderAndcart_Page" time="36.890" errors="0" timestamp="2023-01-04T12:17:32 PKT" skipped="0">
  <testcase classname="Testcases_Package.TestCases_OrderAndcart_Page" name="VerifyplaceOrderofComputer" time="36.890"/>
  <system-out/>
</testsuite> <!-- Testcases_Package.TestCases_OrderAndcart_Page -->
