<?xml version="1.0" encoding="UTF-8"?>
<!-- Generated by org.testng.reporters.JUnitReportReporter -->
<testsuite hostname="NX00483" failures="0" tests="1" name="Testcases_Package.TestCase_InventoryPage" time="3.588" errors="0" timestamp="2022-09-20T14:43:05 PKT" skipped="0">
  <testcase classname="Testcases_Package.TestCase_InventoryPage" name="Testcasetocheck_IteminCart" time="3.588"/>
  <system-out/>
</testsuite> <!-- Testcases_Package.TestCase_InventoryPage -->
