<?xml version="1.0" encoding="UTF-8"?>
<!-- Generated by org.testng.reporters.JUnitReportReporter -->
<testsuite hostname="NX00483" failures="0" tests="1" name="Testcases_Package.ValidateSignupPage" time="12.537" errors="0" timestamp="2022-06-15T15:45:51 PKT" skipped="0">
  <testcase classname="Testcases_Package.ValidateSignupPage" name="Execute_Signup_Testcase" time="12.537"/>
  <system-out/>
</testsuite> <!-- Testcases_Package.ValidateSignupPage -->
